<?xml version="1.0" encoding="UTF-8"?>
<!-- Generated by org.testng.reporters.JUnitReportReporter -->
<testsuite hostname="LAPTOP-CCRLHFCB" failures="0" tests="7" name="com.qa.sauce.testcases.LoginTestCase" time="45.914" errors="0" timestamp="2024-09-04T13:34:29 IST" skipped="0">
  <testcase classname="com.qa.sauce.testcases.LoginTestCase" name="loginPageTitle" time="3.182"/>
  <testcase classname="com.qa.sauce.testcases.LoginTestCase" name="loginTest" time="5.895"/>
  <testcase classname="com.qa.sauce.testcases.LoginTestCase" name="Filters" time="10.544"/>
  <testcase classname="com.qa.sauce.testcases.LoginTestCase" name="addToCartimageTest" time="5.924"/>
  <testcase classname="com.qa.sauce.testcases.LoginTestCase" name="RemoveItemsTest" time="7.848"/>
  <testcase classname="com.qa.sauce.testcases.LoginTestCase" name="OverViewDetails" time="5.528"/>
  <testcase classname="com.qa.sauce.testcases.LoginTestCase" name="Logout" time="6.993"/>
</testsuite> <!-- com.qa.sauce.testcases.LoginTestCase -->
